2022.08.11 15:17:46 INFO  tracing is disabled for protocol LSP, to enable tracing of incoming and outgoing JSON messages create an empty file at c:\Users\lmman\OneDrive\Desktop\training-formula-databricks\.metals\lsp.trace.json or C:\Users\lmman\AppData\Local\scalameta\metals\cache\lsp.trace.json
2022.08.11 15:17:47 INFO  logging to file C:\Users\lmman\OneDrive\Desktop\training-formula-databricks\.metals\metals.log
2022.08.11 15:17:47 INFO  Started: Metals version 0.11.8 in workspace 'C:\Users\lmman\OneDrive\Desktop\training-formula-databricks' for client Visual Studio Code 1.70.0.
2022.08.11 15:17:49 WARN  Flyway upgrade recommended: H2 2.1.214 is newer than this version of Flyway and support has not been tested. The latest supported version of H2 is 2.1.210.
2022.08.11 15:17:49 INFO  time: initialize in 2.33s
2022.08.11 15:17:52 WARN  Build server is not auto-connectable.
2022.08.11 15:17:52 WARN  no build tool detected in workspace 'C:\Users\lmman\OneDrive\Desktop\training-formula-databricks'. The most common cause for this problem is that the editor was opened in the wrong working directory, for example if you use sbt then the workspace directory should contain build.sbt. 
2022.08.11 15:17:52 WARN  no build target for: C:\Users\lmman\OneDrive\Desktop\training-formula-databricks\ingest-progress-scala\Ingest-circuits-file.scala
Aug 11, 2022 3:17:52 PM org.eclipse.lsp4j.jsonrpc.RemoteEndpoint handleCancellation
WARNING: Unmatched cancel notification for request id 2
2022.08.11 15:18:02 INFO  no build target found for C:\Users\lmman\OneDrive\Desktop\training-formula-databricks\ingest-progress-scala\Ingest-circuits-file.scala. Using presentation compiler with project's scala-library version: 3.1.3
2022.08.11 15:18:04 INFO  time: code lens generation in 12s
2022.08.11 15:18:13 WARN  no build target for: C:\Users\lmman\OneDrive\Desktop\training-formula-databricks\ingest-progress-scala\Ingest-circuits-file.scala
2022.08.11 15:18:48 WARN  no build target for: C:\Users\lmman\OneDrive\Desktop\training-formula-databricks\ingest-progress-scala\Ingest-circuits-file copy.scala
2022.08.11 15:19:05 WARN  no build target for: C:\Users\lmman\OneDrive\Desktop\training-formula-databricks\ingest-progress-scala\Ingest-circuits-file.scala
2022.08.11 15:19:09 WARN  no build target for: C:\Users\lmman\OneDrive\Desktop\training-formula-databricks\ingest-progress-scala\Ingest-constructors-file.scala
Aug 11, 2022 3:19:35 PM org.eclipse.lsp4j.jsonrpc.services.GenericEndpoint notify
INFO: Unsupported notification method: $/setTrace
2022.08.11 15:19:45 WARN  no build target for: C:\Users\lmman\OneDrive\Desktop\training-formula-databricks\ingest-progress-scala\Ingest-constructors-file.scala
2022.08.11 15:19:45 WARN  no build target for: C:\Users\lmman\OneDrive\Desktop\training-formula-databricks\ingest-progress-scala\Ingest-constructors-file.scala
